[    4982ms] Uncaught Error: Invalid form id provided: 
    at Z_ (https://js.hsforms.net/forms/embed/v2.js:1:582319)
    at <anonymous> (https://www.landbase.com/blog/building-user-trust-in-agentic-ai-how-to-get-users-to-click-start:1573:14)
[    5059ms] Uncaught Error: Invalid form id provided: 
    at Z_ (https://js.hsforms.net/forms/embed/v2.js:1:582319)
    at <anonymous> (https://www.landbase.com/blog/building-user-trust-in-agentic-ai-how-to-get-users-to-click-start:1631:14)
[    5061ms] [WARNING] Allow attribute will take precedence over 'allowfullscreen'. @ https://www.landbase.com/blog/building-user-trust-in-agentic-ai-how-to-get-users-to-click-start:1676
[    5071ms] ReferenceError: Vimeo is not defined
    at https://www.landbase.com/blog/building-user-trust-in-agentic-ai-how-to-get-users-to-click-start:1710:16
[    5270ms] Uncaught Error: Invalid form id provided: 
    at Z_ (https://js.hsforms.net/forms/embed/v2.js:1:582319)
    at <anonymous> (https://www.landbase.com/blog/building-user-trust-in-agentic-ai-how-to-get-users-to-click-start:2166:14)
[    5362ms] Unexpected token '}'
[    5525ms] ReferenceError: gsap is not defined
    at HTMLDocument.<anonymous> (https://www.landbase.com/blog/building-user-trust-in-agentic-ai-how-to-get-users-to-click-start:2022:5)
[    5526ms] ReferenceError: gsap is not defined
    at HTMLDocument.<anonymous> (https://www.landbase.com/blog/building-user-trust-in-agentic-ai-how-to-get-users-to-click-start:2074:5)
[   14069ms] [ERROR] Failed to load resource: the server responded with a status of 404 () @ https://js.zi-scripts.com/unified/v1/master/getSubscriptions:0
[   14940ms] [ERROR] Load failed, error in settings @ https://cdn.vector.co/pixel.js:1
[   14941ms] [ERROR] No visitor ID available. Load may have failed. @ https://cdn.vector.co/pixel.js:1
[   16124ms] [ERROR] Failed to load resource: the server responded with a status of 400 () @ https://aplo-evnt.com/api/v1/intent_pixel/track_request?app_id=665782a903b9ab01e266a120:0
[   16149ms] [ERROR] Failed to load resource: the server responded with a status of 404 () @ https://x.clearbitjs.com/v2/pk_ddf5719aa1a8d19607385a1c430c9909/destinations.min.js:0
[   16487ms] [ERROR] Failed to load resource: the server responded with a status of 404 () @ https://x.clearbitjs.com/v2/pk_ddf5719aa1a8d19607385a1c430c9909/tracking.min.js:0
