[    1184ms] Uncaught Error: Invalid form id provided: 
    at Z_ (https://js.hsforms.net/forms/embed/v2.js:1:582319)
    at <anonymous> (https://www.landbase.com/blog/the-ai-sdr-dream-team-multi-agent-systems:1573:14)
[    1234ms] Uncaught Error: Invalid form id provided: 
    at Z_ (https://js.hsforms.net/forms/embed/v2.js:1:582319)
    at <anonymous> (https://www.landbase.com/blog/the-ai-sdr-dream-team-multi-agent-systems:1631:14)
[    1243ms] [WARNING] Allow attribute will take precedence over 'allowfullscreen'. @ https://www.landbase.com/blog/the-ai-sdr-dream-team-multi-agent-systems:1676
[    1251ms] ReferenceError: Vimeo is not defined
    at https://www.landbase.com/blog/the-ai-sdr-dream-team-multi-agent-systems:1710:16
[    1445ms] Uncaught Error: Invalid form id provided: 
    at Z_ (https://js.hsforms.net/forms/embed/v2.js:1:582319)
    at <anonymous> (https://www.landbase.com/blog/the-ai-sdr-dream-team-multi-agent-systems:2166:14)
[    1565ms] Unexpected token '}'
[    1593ms] ReferenceError: gsap is not defined
    at HTMLDocument.<anonymous> (https://www.landbase.com/blog/the-ai-sdr-dream-team-multi-agent-systems:2022:5)
[    1595ms] ReferenceError: gsap is not defined
    at HTMLDocument.<anonymous> (https://www.landbase.com/blog/the-ai-sdr-dream-team-multi-agent-systems:2074:5)
[    6322ms] [ERROR] Failed to load resource: the server responded with a status of 404 () @ https://js.zi-scripts.com/unified/v1/master/getSubscriptions:0
[    7451ms] [ERROR] Failed to load resource: the server responded with a status of 404 () @ https://x.clearbitjs.com/v2/pk_ddf5719aa1a8d19607385a1c430c9909/destinations.min.js:0
[    7452ms] [ERROR] Failed to load resource: the server responded with a status of 404 () @ https://x.clearbitjs.com/v2/pk_ddf5719aa1a8d19607385a1c430c9909/tracking.min.js:0
[    8684ms] [ERROR] Load failed, error in settings @ https://us-assets.i.posthog.com/static/posthog-recorder.js?v=1.360.0:0
[    8685ms] [ERROR] No visitor ID available. Load may have failed. @ https://us-assets.i.posthog.com/static/posthog-recorder.js?v=1.360.0:0
[    8737ms] [ERROR] Failed to load resource: the server responded with a status of 400 () @ https://aplo-evnt.com/api/v1/intent_pixel/track_request?app_id=665782a903b9ab01e266a120:0
